TN:
SF:assets/js/checkout.js
FN:1,(anonymous_0)
FNF:1
FNH:0
FNDA:0,(anonymous_0)
DA:1,0
DA:3,0
LF:2
LH:0
BRF:0
BRH:0
end_of_record
TN:
SF:assets/js/my-account-admin.js
FN:10,(anonymous_0)
FN:17,initColorPickers
FN:19,(anonymous_2)
FN:29,initTemplatePreview
FN:33,(anonymous_4)
FN:46,showTemplatePreview
FN:104,initFormValidation
FN:105,(anonymous_7)
FN:109,(anonymous_8)
FN:120,(anonymous_9)
FN:131,(anonymous_10)
FN:148,initLivePreview
FN:162,initHelpTooltips
FN:164,(anonymous_13)
FN:178,(anonymous_14)
FN:184,(anonymous_15)
FN:208,initResponsiveTabs
FN:215,(anonymous_17)
FN:237,addTabStyles
FNF:19
FNH:0
FNDA:0,(anonymous_0)
FNDA:0,initColorPickers
FNDA:0,(anonymous_2)
FNDA:0,initTemplatePreview
FNDA:0,(anonymous_4)
FNDA:0,showTemplatePreview
FNDA:0,initFormValidation
FNDA:0,(anonymous_7)
FNDA:0,(anonymous_8)
FNDA:0,(anonymous_9)
FNDA:0,(anonymous_10)
FNDA:0,initLivePreview
FNDA:0,initHelpTooltips
FNDA:0,(anonymous_13)
FNDA:0,(anonymous_14)
FNDA:0,(anonymous_15)
FNDA:0,initResponsiveTabs
FNDA:0,(anonymous_17)
FNDA:0,addTabStyles
DA:10,0
DA:12,0
DA:18,0
DA:21,0
DA:30,0
DA:32,0
DA:33,0
DA:34,0
DA:35,0
DA:39,0
DA:48,0
DA:50,0
DA:52,0
DA:54,0
DA:74,0
DA:76,0
DA:88,0
DA:90,0
DA:98,0
DA:105,0
DA:106,0
DA:109,0
DA:110,0
DA:111,0
DA:112,0
DA:113,0
DA:114,0
DA:115,0
DA:120,0
DA:121,0
DA:122,0
DA:123,0
DA:124,0
DA:125,0
DA:126,0
DA:131,0
DA:132,0
DA:133,0
DA:134,0
DA:135,0
DA:136,0
DA:137,0
DA:141,0
DA:150,0
DA:151,0
DA:164,0
DA:165,0
DA:166,0
DA:168,0
DA:169,0
DA:170,0
DA:171,0
DA:172,0
DA:173,0
DA:178,0
DA:179,0
DA:180,0
DA:184,0
DA:185,0
DA:186,0
DA:190,0
DA:210,0
DA:211,0
DA:215,0
DA:216,0
DA:217,0
DA:220,0
DA:221,0
DA:224,0
DA:225,0
DA:229,0
DA:231,0
DA:238,0
DA:314,0
DA:320,0
DA:321,0
DA:322,0
DA:323,0
DA:324,0
DA:325,0
DA:327,0
LF:81
LH:0
BRDA:32,0,0,0
BRDA:32,0,1,0
BRDA:52,1,0,0
BRDA:52,1,1,0
BRDA:52,1,2,0
BRDA:111,2,0,0
BRDA:111,2,1,0
BRDA:111,3,0,0
BRDA:111,3,1,0
BRDA:122,4,0,0
BRDA:122,4,1,0
BRDA:122,5,0,0
BRDA:122,5,1,0
BRDA:133,6,0,0
BRDA:133,6,1,0
BRDA:133,7,0,0
BRDA:133,7,1,0
BRDA:150,8,0,0
BRDA:150,8,1,0
BRDA:168,9,0,0
BRDA:168,9,1,0
BRDA:170,10,0,0
BRDA:170,10,1,0
BRDA:172,11,0,0
BRDA:172,11,1,0
BRDA:172,12,0,0
BRDA:172,12,1,0
BRDA:210,13,0,0
BRDA:210,13,1,0
BRF:29
BRH:0
end_of_record
TN:
SF:assets/js/my-account-customizer-preview.js
FN:8,(anonymous_0)
FN:12,(anonymous_1)
FN:26,initTypographyPreview
FN:30,(anonymous_3)
FN:31,(anonymous_4)
FN:34,(anonymous_5)
FN:35,(anonymous_6)
FN:46,initColorPreview
FN:55,(anonymous_8)
FN:58,(anonymous_9)
FN:59,(anonymous_10)
FN:72,(anonymous_11)
FN:75,(anonymous_12)
FN:76,(anonymous_13)
FN:86,initSpacingPreview
FN:89,(anonymous_15)
FN:92,(anonymous_16)
FN:93,(anonymous_17)
FN:103,initResponsivePreview
FN:108,(anonymous_19)
FN:109,(anonymous_20)
FN:110,(anonymous_21)
FN:113,(anonymous_22)
FN:114,(anonymous_23)
FN:126,initTemplatePreview
FN:127,(anonymous_25)
FN:128,(anonymous_26)
FN:138,updateElementStyle
FN:153,updateButtonColor
FN:178,updateInputColor
FN:202,updateButtonPadding
FN:220,updateResponsiveStyle
FN:236,getElementSelector
FN:250,getCSSProperty
FN:265,getMediaQuery
FN:277,updateCSS
FN:301,updateResponsiveCSS
FNF:37
FNH:0
FNDA:0,(anonymous_0)
FNDA:0,(anonymous_1)
FNDA:0,initTypographyPreview
FNDA:0,(anonymous_3)
FNDA:0,(anonymous_4)
FNDA:0,(anonymous_5)
FNDA:0,(anonymous_6)
FNDA:0,initColorPreview
FNDA:0,(anonymous_8)
FNDA:0,(anonymous_9)
FNDA:0,(anonymous_10)
FNDA:0,(anonymous_11)
FNDA:0,(anonymous_12)
FNDA:0,(anonymous_13)
FNDA:0,initSpacingPreview
FNDA:0,(anonymous_15)
FNDA:0,(anonymous_16)
FNDA:0,(anonymous_17)
FNDA:0,initResponsivePreview
FNDA:0,(anonymous_19)
FNDA:0,(anonymous_20)
FNDA:0,(anonymous_21)
FNDA:0,(anonymous_22)
FNDA:0,(anonymous_23)
FNDA:0,initTemplatePreview
FNDA:0,(anonymous_25)
FNDA:0,(anonymous_26)
FNDA:0,updateElementStyle
FNDA:0,updateButtonColor
FNDA:0,updateInputColor
FNDA:0,updateButtonPadding
FNDA:0,updateResponsiveStyle
FNDA:0,getElementSelector
FNDA:0,getCSSProperty
FNDA:0,getMediaQuery
FNDA:0,updateCSS
FNDA:0,updateResponsiveCSS
DA:8,0
DA:12,0
DA:13,0
DA:16,0
DA:17,0
DA:18,0
DA:19,0
DA:20,0
DA:27,0
DA:28,0
DA:30,0
DA:31,0
DA:32,0
DA:34,0
DA:35,0
DA:36,0
DA:48,0
DA:55,0
DA:56,0
DA:58,0
DA:59,0
DA:60,0
DA:66,0
DA:72,0
DA:73,0
DA:75,0
DA:76,0
DA:77,0
DA:87,0
DA:89,0
DA:90,0
DA:92,0
DA:93,0
DA:94,0
DA:104,0
DA:105,0
DA:106,0
DA:108,0
DA:109,0
DA:110,0
DA:111,0
DA:113,0
DA:114,0
DA:115,0
DA:127,0
DA:128,0
DA:130,0
DA:139,0
DA:140,0
DA:142,0
DA:143,0
DA:145,0
DA:146,0
DA:154,0
DA:155,0
DA:157,0
DA:159,0
DA:161,0
DA:162,0
DA:164,0
DA:165,0
DA:167,0
DA:168,0
DA:170,0
DA:171,0
DA:179,0
DA:180,0
DA:182,0
DA:186,0
DA:188,0
DA:189,0
DA:191,0
DA:192,0
DA:194,0
DA:195,0
DA:203,0
DA:204,0
DA:206,0
DA:207,0
DA:208,0
DA:209,0
DA:211,0
DA:212,0
DA:214,0
DA:221,0
DA:222,0
DA:224,0
DA:225,0
DA:226,0
DA:228,0
DA:229,0
DA:237,0
DA:244,0
DA:251,0
DA:259,0
DA:266,0
DA:271,0
DA:278,0
DA:279,0
DA:281,0
DA:282,0
DA:285,0
DA:286,0
DA:289,0
DA:290,0
DA:293,0
DA:295,0
DA:302,0
DA:303,0
DA:305,0
DA:306,0
DA:309,0
DA:310,0
DA:313,0
DA:314,0
DA:317,0
DA:319,0
LF:117
LH:0
BRDA:140,0,0,0
BRDA:140,0,1,0
BRDA:145,1,0,0
BRDA:145,1,1,0
BRDA:145,2,0,0
BRDA:145,2,1,0
BRDA:155,3,0,0
BRDA:155,3,1,0
BRDA:159,4,0,0
BRDA:159,4,1,0
BRDA:159,4,2,0
BRDA:159,4,3,0
BRDA:180,5,0,0
BRDA:180,5,1,0
BRDA:186,6,0,0
BRDA:186,6,1,0
BRDA:186,6,2,0
BRDA:204,7,0,0
BRDA:204,7,1,0
BRDA:206,8,0,0
BRDA:206,8,1,0
BRDA:207,9,0,0
BRDA:207,9,1,0
BRDA:208,10,0,0
BRDA:208,10,1,0
BRDA:209,11,0,0
BRDA:209,11,1,0
BRDA:222,12,0,0
BRDA:222,12,1,0
BRDA:228,13,0,0
BRDA:228,13,1,0
BRDA:228,14,0,0
BRDA:228,14,1,0
BRDA:228,14,2,0
BRDA:244,15,0,0
BRDA:244,15,1,0
BRDA:259,16,0,0
BRDA:259,16,1,0
BRDA:271,17,0,0
BRDA:271,17,1,0
BRDA:281,18,0,0
BRDA:281,18,1,0
BRDA:305,19,0,0
BRDA:305,19,1,0
BRF:44
BRH:0
end_of_record
TN:
SF:assets/js/my-account.js
FN:11,(anonymous_0)
FN:18,initLoginRegisterForms
FN:29,initTemplate2FormSwitching
FN:34,(anonymous_3)
FN:36,(anonymous_4)
FN:42,(anonymous_5)
FN:44,(anonymous_6)
FN:53,initFormValidation
FN:55,(anonymous_8)
FN:69,(anonymous_9)
FN:83,(anonymous_10)
FN:92,(anonymous_11)
FN:116,showValidationMessage
FN:124,hideValidationMessage
FN:131,getPasswordStrength
FNF:15
FNH:0
FNDA:0,(anonymous_0)
FNDA:0,initLoginRegisterForms
FNDA:0,initTemplate2FormSwitching
FNDA:0,(anonymous_3)
FNDA:0,(anonymous_4)
FNDA:0,(anonymous_5)
FNDA:0,(anonymous_6)
FNDA:0,initFormValidation
FNDA:0,(anonymous_8)
FNDA:0,(anonymous_9)
FNDA:0,(anonymous_10)
FNDA:0,(anonymous_11)
FNDA:0,showValidationMessage
FNDA:0,hideValidationMessage
FNDA:0,getPasswordStrength
DA:11,0
DA:13,0
DA:20,0
DA:23,0
DA:31,0
DA:34,0
DA:35,0
DA:36,0
DA:37,0
DA:42,0
DA:43,0
DA:44,0
DA:45,0
DA:55,0
DA:56,0
DA:57,0
DA:59,0
DA:60,0
DA:61,0
DA:63,0
DA:64,0
DA:69,0
DA:70,0
DA:71,0
DA:74,0
DA:76,0
DA:77,0
DA:78,0
DA:83,0
DA:84,0
DA:85,0
DA:88,0
DA:89,0
DA:92,0
DA:93,0
DA:94,0
DA:95,0
DA:96,0
DA:100,0
DA:101,0
DA:103,0
DA:104,0
DA:105,0
DA:117,0
DA:118,0
DA:125,0
DA:132,0
DA:134,0
DA:135,0
DA:136,0
DA:137,0
DA:138,0
DA:140,0
DA:143,0
DA:146,0
DA:149,0
DA:151,0
DA:156,0
DA:158,0
LF:59
LH:0
BRDA:59,0,0,0
BRDA:59,0,1,0
BRDA:59,1,0,0
BRDA:59,1,1,0
BRDA:76,2,0,0
BRDA:76,2,1,0
BRDA:93,3,0,0
BRDA:93,3,1,0
BRDA:100,4,0,0
BRDA:100,4,1,0
BRDA:104,5,0,0
BRDA:104,5,1,0
BRDA:134,6,0,0
BRDA:134,6,1,0
BRDA:135,7,0,0
BRDA:135,7,1,0
BRDA:136,8,0,0
BRDA:136,8,1,0
BRDA:137,9,0,0
BRDA:137,9,1,0
BRDA:138,10,0,0
BRDA:138,10,1,0
BRDA:140,11,0,0
BRDA:140,11,1,0
BRDA:140,11,2,0
BRDA:140,11,3,0
BRDA:140,11,4,0
BRDA:140,11,5,0
BRDA:140,11,6,0
BRF:29
BRH:0
end_of_record
TN:
SF:assets/js/thank-you.js
FN:11,(anonymous_0)
FN:24,(anonymous_1)
FN:35,(anonymous_2)
FN:45,initThankYouPage
FN:57,initOrderSummaryToggle
FN:58,(anonymous_5)
FN:64,(anonymous_6)
FN:85,initAccountCreation
FN:86,(anonymous_8)
FN:126,initAnimations
FN:142,(anonymous_10)
FN:161,(anonymous_11)
FN:170,(anonymous_12)
FN:185,initCopyOrderNumber
FN:202,(anonymous_14)
FN:215,(anonymous_15)
FN:217,(anonymous_16)
FN:226,copyToClipboard
FN:247,showCopyFeedback
FN:253,(anonymous_19)
FN:261,initPrintOrder
FN:269,(anonymous_21)
FN:285,initResponsiveBehavior
FN:286,handleResize
FN:326,debounce
FN:328,executedFunction
FN:329,(anonymous_26)
FN:341,initSmoothScrolling
FN:342,(anonymous_28)
FNF:29
FNH:0
FNDA:0,(anonymous_0)
FNDA:0,(anonymous_1)
FNDA:0,(anonymous_2)
FNDA:0,initThankYouPage
FNDA:0,initOrderSummaryToggle
FNDA:0,(anonymous_5)
FNDA:0,(anonymous_6)
FNDA:0,initAccountCreation
FNDA:0,(anonymous_8)
FNDA:0,initAnimations
FNDA:0,(anonymous_10)
FNDA:0,(anonymous_11)
FNDA:0,(anonymous_12)
FNDA:0,initCopyOrderNumber
FNDA:0,(anonymous_14)
FNDA:0,(anonymous_15)
FNDA:0,(anonymous_16)
FNDA:0,copyToClipboard
FNDA:0,showCopyFeedback
FNDA:0,(anonymous_19)
FNDA:0,initPrintOrder
FNDA:0,(anonymous_21)
FNDA:0,initResponsiveBehavior
FNDA:0,handleResize
FNDA:0,debounce
FNDA:0,executedFunction
FNDA:0,(anonymous_26)
FNDA:0,initSmoothScrolling
FNDA:0,(anonymous_28)
DA:11,0
DA:13,0
DA:16,0
DA:17,0
DA:24,0
DA:25,0
DA:26,0
DA:35,0
DA:36,0
DA:37,0
DA:40,0
DA:46,0
DA:47,0
DA:48,0
DA:49,0
DA:51,0
DA:58,0
DA:59,0
DA:61,0
DA:62,0
DA:64,0
DA:65,0
DA:66,0
DA:68,0
DA:73,0
DA:74,0
DA:86,0
DA:87,0
DA:88,0
DA:89,0
DA:92,0
DA:95,0
DA:96,0
DA:97,0
DA:99,0
DA:100,0
DA:101,0
DA:102,0
DA:103,0
DA:106,0
DA:107,0
DA:108,0
DA:109,0
DA:110,0
DA:114,0
DA:115,0
DA:127,0
DA:130,0
DA:142,0
DA:143,0
DA:151,0
DA:153,0
DA:161,0
DA:162,0
DA:163,0
DA:165,0
DA:170,0
DA:171,0
DA:179,0
DA:187,0
DA:189,0
DA:190,0
DA:193,0
DA:202,0
DA:203,0
DA:204,0
DA:207,0
DA:208,0
DA:215,0
DA:216,0
DA:218,0
DA:227,0
DA:228,0
DA:231,0
DA:232,0
DA:233,0
DA:234,0
DA:235,0
DA:236,0
DA:237,0
DA:238,0
DA:239,0
DA:240,0
DA:248,0
DA:249,0
DA:251,0
DA:253,0
DA:254,0
DA:263,0
DA:264,0
DA:266,0
DA:269,0
DA:270,0
DA:271,0
DA:274,0
DA:275,0
DA:287,0
DA:290,0
DA:291,0
DA:292,0
DA:293,0
DA:295,0
DA:296,0
DA:297,0
DA:301,0
DA:302,0
DA:308,0
DA:317,0
DA:320,0
DA:328,0
DA:329,0
DA:330,0
DA:331,0
DA:333,0
DA:334,0
DA:342,0
DA:343,0
DA:345,0
DA:346,0
DA:347,0
DA:355,0
DA:356,0
DA:358,0
LF:123
LH:0
BRDA:25,0,0,0
BRDA:25,0,1,0
BRDA:25,1,0,0
BRDA:25,1,1,0
BRDA:65,2,0,0
BRDA:65,2,1,0
BRDA:73,3,0,0
BRDA:73,3,1,0
BRDA:76,4,0,0
BRDA:76,4,1,0
BRDA:99,5,0,0
BRDA:99,5,1,0
BRDA:99,6,0,0
BRDA:99,6,1,0
BRDA:99,6,2,0
BRDA:106,7,0,0
BRDA:106,7,1,0
BRDA:114,8,0,0
BRDA:114,8,1,0
BRDA:151,9,0,0
BRDA:151,9,1,0
BRDA:163,10,0,0
BRDA:163,10,1,0
BRDA:189,11,0,0
BRDA:189,11,1,0
BRDA:207,12,0,0
BRDA:207,12,1,0
BRDA:227,13,0,0
BRDA:227,13,1,0
BRDA:227,14,0,0
BRDA:227,14,1,0
BRDA:263,15,0,0
BRDA:263,15,1,0
BRDA:274,16,0,0
BRDA:274,16,1,0
BRDA:290,17,0,0
BRDA:290,17,1,0
BRDA:301,18,0,0
BRDA:301,18,1,0
BRDA:346,19,0,0
BRDA:346,19,1,0
BRF:41
BRH:0
end_of_record
