<testsuites id="" name="" tests="4" failures="1" skipped="0" errors="0" time="4.063908">
<testsuite name="performance.spec.js" timestamp="2025-08-27T21:57:28.568Z" hostname="chromium" tests="4" failures="1" skipped="0" time="5.45" errors="0">
<testcase name="Performance Tests @performance › should meet Core Web Vitals thresholds" classname="performance.spec.js" time="2.984">
<system-out>
<![CDATA[Performance Metrics: {
  loadTime: [33m0[39m,
  domContentLoaded: [33m0[39m,
  responseTime: [33m53.39999999990687[39m,
  ttfb: [33m52[39m
}
]]>
</system-out>
</testcase>
<testcase name="Performance Tests @performance › should have reasonable resource loading times" classname="performance.spec.js" time="0.868">
<system-out>
<![CDATA[Loaded 0 resources
]]>
</system-out>
</testcase>
<testcase name="Performance Tests @performance › should have good accessibility performance" classname="performance.spec.js" time="0.782">
<system-out>
<![CDATA[Accessibility Metrics: {
  hasTitle: [33mtrue[39m,
  hasLang: [33mfalse[39m,
  hasHeadings: [33mtrue[39m,
  hasImages: [33m0[39m,
  imagesWithAlt: [33m0[39m,
  hasLinks: [33m1[39m,
  linksWithText: [33m1[39m
}
]]>
</system-out>
</testcase>
<testcase name="Performance Tests @performance › should generate performance report" classname="performance.spec.js" time="0.816">
<failure message="performance.spec.js:156:3 should generate performance report" type="FAILURE">
<![CDATA[  [chromium] › performance.spec.js:156:3 › Performance Tests @performance › should generate performance report 

    Error: expect(received).toBeGreaterThan(expected)

    Expected: > 0
    Received:   0

      204 |     expect(performanceData.navigation.loadTime).toBeLessThan(5000);
      205 |     expect(performanceData.navigation.ttfb).toBeLessThan(1000);
    > 206 |     expect(performanceData.resources.total).toBeGreaterThan(0);
          |                                             ^
      207 |   });
      208 |
      209 | });
        at /mnt/persist/workspace/tests/e2e/performance.spec.js:206:45

    attachment #1: screenshot (image/png) ──────────────────────────────────────────────────────────
    ../../test-results/performance-Performance-Te-33cb7-generate-performance-report-chromium/test-failed-1.png
    ────────────────────────────────────────────────────────────────────────────────────────────────

    attachment #2: video (video/webm) ──────────────────────────────────────────────────────────────
    ../../test-results/performance-Performance-Te-33cb7-generate-performance-report-chromium/video.webm
    ────────────────────────────────────────────────────────────────────────────────────────────────

    Error Context: ../../test-results/performance-Performance-Te-33cb7-generate-performance-report-chromium/error-context.md
]]>
</failure>
<system-out>
<![CDATA[Performance Report: {
  "timestamp": "2025-08-27T21:57:31.637Z",
  "url": "https://example.com/",
  "navigation": {
    "loadTime": 0,
    "domContentLoaded": 0,
    "responseTime": 53.800000000046566,
    "ttfb": 52.700000000186265,
    "domInteractive": null,
    "domComplete": null
  },
  "resources": {
    "total": 0,
    "totalSize": 0,
    "byType": {}
  },
  "memory": {
    "usedJSHeapSize": 10000000,
    "totalJSHeapSize": 10000000,
    "jsHeapSizeLimit": 3760000000
  }
}

[[ATTACHMENT|../test-results/performance-Performance-Te-33cb7-generate-performance-report-chromium/test-failed-1.png]]

[[ATTACHMENT|../test-results/performance-Performance-Te-33cb7-generate-performance-report-chromium/video.webm]]

[[ATTACHMENT|../test-results/performance-Performance-Te-33cb7-generate-performance-report-chromium/error-context.md]]
]]>
</system-out>
</testcase>
</testsuite>
</testsuites>